Czysci projekt
./bin/Third_Party/GTest/src/googletest-build/cmake_install.cmake
./bin/Third_Party/cmake_install.cmake
./bin/libs/cmake_install.cmake
./bin/libs/Package1/cmake_install.cmake
./bin/Configs/cmake_install.cmake
./bin/cmake_install.cmake
./bin/src/cmake_install.cmake
find: `./bin/Third_Party/GTest/src/googletest-build/CMakeFiles': No such file or directory
find: `./bin/Third_Party/CMakeFiles': No such file or directory
find: `./bin/libs/CMakeFiles': No such file or directory
find: `./bin/libs/Package1/CMakeFiles': No such file or directory
find: `./bin/Configs/CMakeFiles': No such file or directory
find: `./bin/CMakeFiles': No such file or directory
find: `./bin/src/CMakeFiles': No such file or directory
-- Found PythonInterp: /usr/bin/python2.6
-- Found Subversion: /usr/bin/svn
-- Found Doxygen: /usr/bin/doxygen
-- The C compiler identification is GNU
-- The CXX compiler identification is GNU
-- Check for working C compiler: /usr/bin/gcc
-- Check for working C compiler: /usr/bin/gcc -- works
-- Detecting C compiler ABI info
-- Detecting C compiler ABI info - done
-- Check for working CXX compiler: /usr/bin/c++
-- Check for working CXX compiler: /usr/bin/c++ -- works
-- Detecting CXX compiler ABI info
-- Detecting CXX compiler ABI info - done
-- Boost_Version: 1.53.0
-- BOOST_INCLUDE_DIRS set to /home/baniuk/LOG_test/Third_Party/boost
-- BOOST_LIBS_DIRS set to /home/baniuk/LOG_test/Third_Party/boost/stage
-- LIN
-- Doxygen found at /usr/bin/doxygen
-- Configuring done
Generate graphviz: /home/baniuk/LOG_test/CMake_trash/ARCH.dot
-- Generating done
-- Build files have been written to: /home/baniuk/LOG_test/bin
STLSOFT set
Scanning dependencies of target Boost
[  0%] Completed 'Boost'
[ 22%] Built target Boost
Scanning dependencies of target STLSoft
[ 22%] Completed 'STLSoft'
[ 45%] Built target STLSoft
Scanning dependencies of target Pantheios
[ 45%] No configure step for 'Pantheios'
[ 45%] Performing build step for 'Pantheios'
[ 45%] No install step for 'Pantheios'
[ 45%] Completed 'Pantheios'
[ 68%] Built target Pantheios
Scanning dependencies of target googletest
[ 68%] Creating directories for 'googletest'
[ 68%] Performing download step (SVN checkout) for 'googletest'
A    googletest/test
A    googletest/test/gtest_break_on_failure_unittest_.cc
A    googletest/test/gtest-param-test_test.cc
A    googletest/test/gtest_list_tests_unittest_.cc
A    googletest/test/gtest-test-part_test.cc
A    googletest/test/gtest-typed-test2_test.cc
A    googletest/test/gtest-message_test.cc
A    googletest/test/gtest-port_test.cc
A    googletest/test/gtest-listener_test.cc
A    googletest/test/gtest_prod_test.cc
A    googletest/test/gtest_environment_test.cc
A    googletest/test/gtest-tuple_test.cc
A    googletest/test/gtest_uninitialized_test_.cc
A    googletest/test/gtest_xml_outfile2_test_.cc
A    googletest/test/gtest-filepath_test.cc
A    googletest/test/gtest_uninitialized_test.py
A    googletest/test/gtest_pred_impl_unittest.cc
A    googletest/test/gtest_color_test_.cc
A    googletest/test/gtest_xml_output_unittest_.cc
A    googletest/test/gtest_repeat_test.cc
A    googletest/test/gtest_color_test.py
A    googletest/test/production.cc
A    googletest/test/gtest_xml_output_unittest.py
A    googletest/test/gtest_stress_test.cc
A    googletest/test/gtest_xml_test_utils.py
A    googletest/test/gtest_output_test_golden_lin.txt
A    googletest/test/gtest_main_unittest.cc
A    googletest/test/gtest-printers_test.cc
A    googletest/test/gtest_catch_exceptions_test.py
A    googletest/test/gtest_help_test_.cc
A    googletest/test/gtest_filter_unittest.py
A    googletest/test/gtest_break_on_failure_unittest.py
A    googletest/test/gtest_help_test.py
A    googletest/test/gtest_shuffle_test_.cc
A    googletest/test/gtest-param-test_test.h
A    googletest/test/gtest_output_test_.cc
A    googletest/test/gtest_env_var_test_.cc
A    googletest/test/gtest_shuffle_test.py
A    googletest/test/gtest_list_tests_unittest.py
A    googletest/test/gtest_throw_on_failure_ex_test.cc
A    googletest/test/gtest_env_var_test.py
A    googletest/test/gtest_output_test.py
A    googletest/test/gtest_test_utils.py
A    googletest/test/gtest-unittest-api_test.cc
A    googletest/test/gtest_throw_on_failure_test_.cc
A    googletest/test/gtest_xml_outfile1_test_.cc
A    googletest/test/gtest_all_test.cc
A    googletest/test/gtest_throw_on_failure_test.py
A    googletest/test/gtest-linked_ptr_test.cc
A    googletest/test/gtest-options_test.cc
A    googletest/test/gtest_sole_header_test.cc
A    googletest/test/gtest_no_test_unittest.cc
A    googletest/test/gtest-death-test_ex_test.cc
A    googletest/test/gtest_xml_outfiles_test.py
A    googletest/test/gtest-param-test2_test.cc
A    googletest/test/gtest-death-test_test.cc
A    googletest/test/gtest-typed-test_test.cc
A    googletest/test/gtest_unittest.cc
A    googletest/test/gtest-typed-test_test.h
A    googletest/test/gtest_catch_exceptions_test_.cc
A    googletest/test/production.h
A    googletest/test/gtest_filter_unittest_.cc
A    googletest/m4
A    googletest/m4/acx_pthread.m4
A    googletest/m4/gtest.m4
A    googletest/cmake
A    googletest/cmake/internal_utils.cmake
A    googletest/LICENSE
A    googletest/include
A    googletest/include/gtest
A    googletest/include/gtest/gtest_prod.h
A    googletest/include/gtest/gtest-printers.h
A    googletest/include/gtest/gtest-spi.h
A    googletest/include/gtest/gtest-param-test.h
A    googletest/include/gtest/gtest-param-test.h.pump
A    googletest/include/gtest/gtest_pred_impl.h
A    googletest/include/gtest/gtest.h
A    googletest/include/gtest/gtest-death-test.h
A    googletest/include/gtest/gtest-typed-test.h
A    googletest/include/gtest/internal
A    googletest/include/gtest/internal/gtest-string.h
A    googletest/include/gtest/internal/gtest-param-util-generated.h.pump
A    googletest/include/gtest/internal/gtest-param-util-generated.h
A    googletest/include/gtest/internal/gtest-tuple.h.pump
A    googletest/include/gtest/internal/gtest-tuple.h
A    googletest/include/gtest/internal/gtest-param-util.h
A    googletest/include/gtest/internal/gtest-linked_ptr.h
A    googletest/include/gtest/internal/gtest-internal.h
A    googletest/include/gtest/internal/gtest-death-test-internal.h
A    googletest/include/gtest/internal/gtest-type-util.h
A    googletest/include/gtest/internal/gtest-filepath.h
A    googletest/include/gtest/internal/gtest-type-util.h.pump
A    googletest/include/gtest/internal/gtest-port.h
A    googletest/include/gtest/gtest-test-part.h
A    googletest/include/gtest/gtest-message.h
A    googletest/scripts
A    googletest/scripts/test
A    googletest/scripts/test/Makefile
A    googletest/scripts/upload_gtest.py
A    googletest/scripts/gen_gtest_pred_impl.py
A    googletest/scripts/fuse_gtest_files.py
A    googletest/scripts/pump.py
A    googletest/scripts/upload.py
A    googletest/scripts/gtest-config.in
A    googletest/src
A    googletest/src/gtest-all.cc
A    googletest/src/gtest-filepath.cc
A    googletest/src/gtest-internal-inl.h
A    googletest/src/gtest-death-test.cc
A    googletest/src/gtest-typed-test.cc
A    googletest/src/gtest.cc
A    googletest/src/gtest-test-part.cc
A    googletest/src/gtest-port.cc
A    googletest/src/gtest_main.cc
A    googletest/src/gtest-printers.cc
A    googletest/build-aux
A    googletest/build-aux/.keep
A    googletest/README
A    googletest/CONTRIBUTORS
A    googletest/xcode
A    googletest/xcode/gtest.xcodeproj
A    googletest/xcode/gtest.xcodeproj/project.pbxproj
A    googletest/xcode/Samples
A    googletest/xcode/Samples/FrameworkSample
A    googletest/xcode/Samples/FrameworkSample/runtests.sh
A    googletest/xcode/Samples/FrameworkSample/Info.plist
A    googletest/xcode/Samples/FrameworkSample/widget_test.cc
A    googletest/xcode/Samples/FrameworkSample/widget.cc
A    googletest/xcode/Samples/FrameworkSample/widget.h
A    googletest/xcode/Samples/FrameworkSample/WidgetFramework.xcodeproj
A    googletest/xcode/Samples/FrameworkSample/WidgetFramework.xcodeproj/project.pbxproj
A    googletest/xcode/Config
A    googletest/xcode/Config/StaticLibraryTarget.xcconfig
A    googletest/xcode/Config/FrameworkTarget.xcconfig
A    googletest/xcode/Config/TestTarget.xcconfig
A    googletest/xcode/Config/ReleaseProject.xcconfig
A    googletest/xcode/Config/General.xcconfig
A    googletest/xcode/Config/DebugProject.xcconfig
A    googletest/xcode/Scripts
A    googletest/xcode/Scripts/runtests.sh
A    googletest/xcode/Scripts/versiongenerate.py
A    googletest/xcode/Resources
A    googletest/xcode/Resources/Info.plist
A    googletest/configure.ac
A    googletest/samples
A    googletest/samples/sample1_unittest.cc
A    googletest/samples/sample2_unittest.cc
A    googletest/samples/sample1.cc
A    googletest/samples/sample3_unittest.cc
A    googletest/samples/sample2.cc
A    googletest/samples/sample4_unittest.cc
A    googletest/samples/sample1.h
A    googletest/samples/sample2.h
A    googletest/samples/sample5_unittest.cc
A    googletest/samples/sample4.cc
A    googletest/samples/sample6_unittest.cc
A    googletest/samples/sample4.h
A    googletest/samples/sample7_unittest.cc
A    googletest/samples/prime_tables.h
A    googletest/samples/sample8_unittest.cc
A    googletest/samples/sample9_unittest.cc
A    googletest/samples/sample10_unittest.cc
A    googletest/samples/sample3-inl.h
A    googletest/CHANGES
A    googletest/msvc
A    googletest/msvc/gtest-md.sln
A    googletest/msvc/gtest.sln
A    googletest/msvc/gtest_unittest-md.vcproj
A    googletest/msvc/gtest-md.vcproj
A    googletest/msvc/gtest_unittest.vcproj
A    googletest/msvc/gtest.vcproj
A    googletest/msvc/gtest_prod_test-md.vcproj
A    googletest/msvc/gtest_main-md.vcproj
A    googletest/msvc/gtest_prod_test.vcproj
A    googletest/msvc/gtest_main.vcproj
A    googletest/Makefile.am
A    googletest/codegear
A    googletest/codegear/gtest_all.cc
A    googletest/codegear/gtest_unittest.cbproj
A    googletest/codegear/gtest.cbproj
A    googletest/codegear/gtest_link.cc
A    googletest/codegear/gtest_main.cbproj
A    googletest/codegear/gtest.groupproj
A    googletest/CMakeLists.txt
A    googletest/make
A    googletest/make/Makefile
Checked out revision 650.
[ 68%] No patch step for 'googletest'
[ 68%] Performing update step (SVN update) for 'googletest'
At revision 650.
[ 68%] Performing configure step for 'googletest'
-- The CXX compiler identification is GNU
-- The C compiler identification is GNU
-- Check for working CXX compiler: /usr/bin/c++
-- Check for working CXX compiler: /usr/bin/c++ -- works
-- Detecting CXX compiler ABI info
-- Detecting CXX compiler ABI info - done
-- Check for working C compiler: /usr/bin/gcc
-- Check for working C compiler: /usr/bin/gcc -- works
-- Detecting C compiler ABI info
-- Detecting C compiler ABI info - done
-- Found PythonInterp: /usr/bin/python2.6
-- Looking for include files CMAKE_HAVE_PTHREAD_H
-- Looking for include files CMAKE_HAVE_PTHREAD_H - found
-- Looking for pthread_create in pthreads
-- Looking for pthread_create in pthreads - not found
-- Looking for pthread_create in pthread
-- Looking for pthread_create in pthread - found
-- Found Threads: TRUE
-- Configuring done
-- Generating done
-- Build files have been written to: /home/baniuk/LOG_test/bin/Third_Party/GTest/src/googletest-build
[ 68%] Performing build step for 'googletest'
Scanning dependencies of target gtest
[ 50%] Building CXX object CMakeFiles/gtest.dir/src/gtest-all.cc.o
Linking CXX static library libgtest.a
[ 50%] Built target gtest
Scanning dependencies of target gtest_main
[100%] Building CXX object CMakeFiles/gtest_main.dir/src/gtest_main.cc.o
Linking CXX static library libgtest_main.a
[100%] Built target gtest_main
[ 68%] No install step for 'googletest'
[ 68%] Completed 'googletest'
[ 91%] Built target googletest
Scanning dependencies of target doc
[ 91%] Generating API documentation with Doxygen
warning: ignoring unsupported tag `PROJECT_BRIEF          =' at line 41, file /home/baniuk/LOG_test/Configs/Doxyfile.cmake
warning: ignoring unsupported tag `PROJECT_LOGO           =' at line 48, file /home/baniuk/LOG_test/Configs/Doxyfile.cmake
warning: ignoring unsupported tag `TCL_SUBST              =' at line 215, file /home/baniuk/LOG_test/Configs/Doxyfile.cmake
warning: ignoring unsupported tag `MARKDOWN_SUPPORT       =' at line 263, file /home/baniuk/LOG_test/Configs/Doxyfile.cmake
warning: ignoring unsupported tag `AUTOLINK_SUPPORT       =' at line 270, file /home/baniuk/LOG_test/Configs/Doxyfile.cmake
warning: ignoring unsupported tag `INLINE_GROUPED_CLASSES =' at line 321, file /home/baniuk/LOG_test/Configs/Doxyfile.cmake
warning: ignoring unsupported tag `INLINE_SIMPLE_STRUCTS  =' at line 330, file /home/baniuk/LOG_test/Configs/Doxyfile.cmake
warning: ignoring unsupported tag `LOOKUP_CACHE_SIZE      =' at line 367, file /home/baniuk/LOG_test/Configs/Doxyfile.cmake
warning: ignoring unsupported tag `EXTRACT_PACKAGE        =' at line 388, file /home/baniuk/LOG_test/Configs/Doxyfile.cmake
warning: ignoring unsupported tag `STRICT_PROTO_MATCHING  =' at line 530, file /home/baniuk/LOG_test/Configs/Doxyfile.cmake
warning: ignoring unsupported tag `CITE_BIB_FILES         =' at line 618, file /home/baniuk/LOG_test/Configs/Doxyfile.cmake
warning: ignoring unsupported tag `FILTER_SOURCE_PATTERNS =' at line 828, file /home/baniuk/LOG_test/Configs/Doxyfile.cmake
warning: ignoring unsupported tag `USE_MDFILE_AS_MAINPAGE =' at line 835, file /home/baniuk/LOG_test/Configs/Doxyfile.cmake
warning: ignoring unsupported tag `HTML_EXTRA_STYLESHEET  =' at line 972, file /home/baniuk/LOG_test/Configs/Doxyfile.cmake
warning: ignoring unsupported tag `HTML_EXTRA_FILES       =' at line 981, file /home/baniuk/LOG_test/Configs/Doxyfile.cmake
warning: ignoring unsupported tag `HTML_INDEX_NUM_ENTRIES =' at line 1029, file /home/baniuk/LOG_test/Configs/Doxyfile.cmake
warning: ignoring unsupported tag `USE_MATHJAX            =' at line 1243, file /home/baniuk/LOG_test/Configs/Doxyfile.cmake
warning: ignoring unsupported tag `MATHJAX_FORMAT         =' at line 1250, file /home/baniuk/LOG_test/Configs/Doxyfile.cmake
warning: ignoring unsupported tag `MATHJAX_RELPATH        =' at line 1261, file /home/baniuk/LOG_test/Configs/Doxyfile.cmake
warning: ignoring unsupported tag `MATHJAX_EXTENSIONS     =' at line 1266, file /home/baniuk/LOG_test/Configs/Doxyfile.cmake
warning: ignoring unsupported tag `EXTERNAL_SEARCH        =' at line 1296, file /home/baniuk/LOG_test/Configs/Doxyfile.cmake
warning: ignoring unsupported tag `SEARCHENGINE_URL       =' at line 1304, file /home/baniuk/LOG_test/Configs/Doxyfile.cmake
warning: ignoring unsupported tag `SEARCHDATA_FILE        =' at line 1310, file /home/baniuk/LOG_test/Configs/Doxyfile.cmake
warning: ignoring unsupported tag `EXTERNAL_SEARCH_ID     =' at line 1317, file /home/baniuk/LOG_test/Configs/Doxyfile.cmake
warning: ignoring unsupported tag `EXTRA_SEARCH_MAPPINGS  =' at line 1326, file /home/baniuk/LOG_test/Configs/Doxyfile.cmake
warning: ignoring unsupported tag `LATEX_FOOTER           =' at line 1386, file /home/baniuk/LOG_test/Configs/Doxyfile.cmake
warning: ignoring unsupported tag `LATEX_BIB_STYLE        =' at line 1425, file /home/baniuk/LOG_test/Configs/Doxyfile.cmake
warning: ignoring unsupported tag `UML_LIMIT_NUM_FIELDS   =' at line 1776, file /home/baniuk/LOG_test/Configs/Doxyfile.cmake
warning: ignoring unsupported tag `INTERACTIVE_SVG        =' at line 1840, file /home/baniuk/LOG_test/Configs/Doxyfile.cmake
warning: ignoring unsupported tag `MSCFILE_DIRS           =' at line 1857, file /home/baniuk/LOG_test/Configs/Doxyfile.cmake
warning: tag INPUT: input source `..\src' does not exist
warning: tag INPUT: input source `..\includes' does not exist
warning: tag INPUT: input source `..\tests' does not exist
Warning: The selected output language "polish" has not been updated
since release 1.6.3.  As a result some sentences may appear in English.

warning: source ..\src is not a readable file or directory... skipping.
warning: source ..\includes is not a readable file or directory... skipping.
warning: source ..\tests is not a readable file or directory... skipping.
Searching for include files...
Searching for example files...
Searching for images...
Searching for dot files...
Searching for files to exclude
Searching for files to process...
Reading and parsing tag files
Building group list...
Building directory list...
Building namespace list...
Building file list...
Building class list...
Associating documentation with classes...
Computing nesting relations for classes...
Building example list...
Searching for enumerations...
Searching for documented typedefs...
Searching for members imported via using declarations...
Searching for included using directives...
Searching for documented variables...
Building member list...
Searching for friends...
Searching for documented defines...
Computing class inheritance relations...
Computing class usage relations...
Flushing cached template relations that have become invalid...
Creating members for template instances...
Computing class relations...
Add enum values to enums...
Searching for member function documentation...
Building page list...
Search for main page...
Computing page relations...
Determining the scope of groups...
Sorting lists...
Freeing entry tree
Determining which enums are documented
Computing member relations...
Building full member lists recursively...
Adding members to member groups.
Computing member references...
Inheriting documentation...
Generating disk names...
Adding source references...
Adding xrefitems...
Sorting member lists...
Counting data structures...
Resolving user defined references...
Finding anchors and sections in the documentation...
Combining using relations...
Adding members to index pages...
Generating style sheet...
Generating index page...
Generating page index...
Generating example documentation...
Generating file sources...
Generating file documentation...
Generating page documentation...
Generating group documentation...
Generating group index...
Generating class documentation...
Generating annotated compound index...
Generating alphabetical compound index...
Generating hierarchical class index...
Generating member index...
Generating namespace index...
Generating namespace member index...
Generating graph info page...
Generating file index...
Generating example index...
Generating file member index...
finalizing index lists...
finished...
[ 94%] Built target doc
Scanning dependencies of target Package1
[ 97%] Building CXX object libs/Package1/CMakeFiles/Package1.dir/C_Point.cpp.o
/home/baniuk/LOG_test/libs/Package1/C_Point.cpp: In constructor ‘C_Point::C_Point(double, double)’:
/home/baniuk/LOG_test/libs/Package1/C_Point.cpp:7: error: expected ‘)’ before ‘__func__’
/home/baniuk/LOG_test/libs/Package1/C_Point.cpp:8: error: expected ‘)’ before ‘__func__’
/home/baniuk/LOG_test/libs/Package1/C_Point.cpp:9: error: expected ‘)’ before ‘__func__’
/home/baniuk/LOG_test/libs/Package1/C_Point.cpp: In member function ‘void C_Point::setPoint(double, double)’:
/home/baniuk/LOG_test/libs/Package1/C_Point.cpp:33: error: expected ‘)’ before ‘__func__’
/home/baniuk/LOG_test/libs/Package1/C_Point.cpp:36: error: expected ‘)’ before ‘__func__’
/home/baniuk/LOG_test/libs/Package1/C_Point.cpp:37: error: expected ‘)’ before ‘__func__’
/home/baniuk/LOG_test/libs/Package1/C_Point.cpp: In member function ‘C_Point& C_Point::operator=(const C_Point&)’:
/home/baniuk/LOG_test/libs/Package1/C_Point.cpp:48: error: expected ‘)’ before ‘__func__’
/home/baniuk/LOG_test/libs/Package1/C_Point.cpp:50: error: expected ‘)’ before ‘__func__’
/home/baniuk/LOG_test/libs/Package1/C_Point.cpp:51: error: expected ‘)’ before ‘__func__’
make[2]: *** [libs/Package1/CMakeFiles/Package1.dir/C_Point.cpp.o] Error 1
make[1]: *** [libs/Package1/CMakeFiles/Package1.dir/all] Error 2
make: *** [all] Error 2
